<?xml version="1.0" encoding="UTF-8"?>
<testsuite name="controllers.ArtistAPITest" tests="2" skipped="0" failures="0" errors="0" timestamp="2022-12-06T02:32:56" hostname="DESKTOP-41QCBQB" time="0.044">
  <properties/>
  <testcase name="adding an Artist to an empty list adds to ArrayList()" classname="controllers.ArtistAPITest" time="0.041"/>
  <testcase name="adding an Artist to a populated list adds to ArrayList()" classname="controllers.ArtistAPITest" time="0.002"/>
  <system-out><![CDATA[]]></system-out>
  <system-err><![CDATA[]]></system-err>
</testsuite>
