<?xml version="1.0" encoding="UTF-8"?>
<testsuite name="controllers.ArtistAPITest$DeleteArtists" tests="2" skipped="0" failures="0" errors="0" timestamp="2022-12-06T08:20:39" hostname="DESKTOP-41QCBQB" time="0.005">
  <properties/>
  <testcase name="deleting an artist that exists delete and returns deleted object()" classname="controllers.ArtistAPITest$DeleteArtists" time="0.002"/>
  <testcase name="deleting an Artist that does not exist, returns null()" classname="controllers.ArtistAPITest$DeleteArtists" time="0.002"/>
  <system-out><![CDATA[]]></system-out>
  <system-err><![CDATA[]]></system-err>
</testsuite>
