<?xml version="1.0" encoding="UTF-8"?>
<testsuite name="controllers.ArtistAPITest$AddArtists" tests="2" skipped="0" failures="0" errors="0" timestamp="2022-12-06T01:41:53" hostname="DESKTOP-427PK45" time="0.034">
  <properties/>
  <testcase name="adding an Artist to an empty list adds to ArrayList()" classname="controllers.ArtistAPITest$AddArtists" time="0.033"/>
  <testcase name="adding an Artist to a populated list adds to ArrayList()" classname="controllers.ArtistAPITest$AddArtists" time="0.001"/>
  <system-out><![CDATA[]]></system-out>
  <system-err><![CDATA[]]></system-err>
</testsuite>
