<?xml version="1.0" encoding="UTF-8"?>
<testsuite name="controllers.ArtistAPITest$ListArtists" tests="2" skipped="0" failures="0" errors="0" timestamp="2022-12-06T02:52:51" hostname="DESKTOP-41QCBQB" time="0.015">
  <properties/>
  <testcase name="listAllArtists returns Artists when ArrayList has artists stored()" classname="controllers.ArtistAPITest$ListArtists" time="0.012"/>
  <testcase name="listAllArtists returns No Artists Stored message when ArrayList is empty()" classname="controllers.ArtistAPITest$ListArtists" time="0.002"/>
  <system-out><![CDATA[]]></system-out>
  <system-err><![CDATA[]]></system-err>
</testsuite>
