<?xml version="1.0" encoding="UTF-8"?>
<testsuite name="controllers.ArtistAPITest$DeleteArtists" tests="1" skipped="0" failures="0" errors="0" timestamp="2022-12-06T06:44:14" hostname="DESKTOP-41QCBQB" time="0.054">
  <properties/>
  <testcase name="deleting an artist that exists delete and returns deleted object()" classname="controllers.ArtistAPITest$DeleteArtists" time="0.054"/>
  <system-out><![CDATA[]]></system-out>
  <system-err><![CDATA[]]></system-err>
</testsuite>
