<?xml version="1.0" encoding="UTF-8"?>
<testsuite name="controllers.ArtistAPITest$PersistenceTests" tests="2" skipped="0" failures="0" errors="0" timestamp="2022-12-06T07:59:34" hostname="DESKTOP-41QCBQB" time="0.311">
  <properties/>
  <testcase name="saving and loading an empty collection in XML doesn't crash app()" classname="controllers.ArtistAPITest$PersistenceTests" time="0.293"/>
  <testcase name="saving and loading an loaded collection in XML doesn't loose data()" classname="controllers.ArtistAPITest$PersistenceTests" time="0.017"/>
  <system-out><![CDATA[]]></system-out>
  <system-err><![CDATA[]]></system-err>
</testsuite>
