<?xml version="1.0" encoding="UTF-8"?>
<testsuite name="controllers.ArtistAPITest$ListArtists" tests="6" skipped="0" failures="0" errors="0" timestamp="2022-12-06T05:31:21" hostname="DESKTOP-41QCBQB" time="0.047">
  <properties/>
  <testcase name="listAllArtists returns Artists when ArrayList has artists stored()" classname="controllers.ArtistAPITest$ListArtists" time="0.017"/>
  <testcase name="listLivingArtists returns living artists when ArrayList has living artists stored()" classname="controllers.ArtistAPITest$ListArtists" time="0.005"/>
  <testcase name="listDeceasedArtists returns no deceased artists when ArrayList is empty()" classname="controllers.ArtistAPITest$ListArtists" time="0.007"/>
  <testcase name="listDeceasedArtists returns deceased artists when ArrayList has deceased artists stored()" classname="controllers.ArtistAPITest$ListArtists" time="0.002"/>
  <testcase name="listAllArtists returns No Artists Stored message when ArrayList is empty()" classname="controllers.ArtistAPITest$ListArtists" time="0.001"/>
  <testcase name="listLivingArtists returns no living aritsts stored when ArrayList is empty()" classname="controllers.ArtistAPITest$ListArtists" time="0.004"/>
  <system-out><![CDATA[]]></system-out>
  <system-err><![CDATA[]]></system-err>
</testsuite>
