<?xml version="1.0" encoding="UTF-8"?>
<testsuite name="controllers.ArtistAPITest$UpdateArtists" tests="2" skipped="0" failures="0" errors="0" timestamp="2022-12-06T07:18:22" hostname="DESKTOP-41QCBQB" time="0.032">
  <properties/>
  <testcase name="updating an artist that does not exist returns false()" classname="controllers.ArtistAPITest$UpdateArtists" time="0.028"/>
  <testcase name="updating an artist that exists returns true and updates()" classname="controllers.ArtistAPITest$UpdateArtists" time="0.003"/>
  <system-out><![CDATA[]]></system-out>
  <system-err><![CDATA[]]></system-err>
</testsuite>
